<?xml version="1.0" encoding="UTF-8"?>
<!-- Generated by org.testng.reporters.JUnitReportReporter -->
<testsuite hostname="Navya-Shree" failures="0" tests="1" name="com.hrms.testscripts10.TC002" time="9.901" errors="0" timestamp="21 Jun 2023 18:52:33 GMT">
  <testcase classname="com.hrms.testscripts10.TC002" name="tc002" time="9.901"/>
</testsuite> <!-- com.hrms.testscripts10.TC002 -->
